Using pre-set license
Built from '2021.3/staging' branch; Version is '2021.3.10f1 (1c7d0df0160b) revision 1867021'; Using compiler version '192829333'; Build Type 'Release'
OS: 'Windows 10  (10.0.19044) 64bit Core' Language: 'en' Physical Memory: 16247 MB
BatchMode: 1, IsHumanControllingUs: 0, StartBugReporterOnCrash: 0, Is64bit: 1, IsPro: 1

COMMAND LINE ARGUMENTS:
C:\Program Files\Unity\Hub\Editor\2021.3.10f1\Editor\Unity.exe
-adb2
-batchMode
-noUpm
-name
AssetImportWorker4
-projectPath
C:/Users/Krystian/Desktop/Projects/Fishing Of Men
-logFile
Logs/AssetImportWorker4.log
-srvPort
59503
Successfully changed project path to: C:/Users/Krystian/Desktop/Projects/Fishing Of Men
C:/Users/Krystian/Desktop/Projects/Fishing Of Men
[UnityMemory] Configuration Parameters - Can be set up in boot.config
    "memorysetup-bucket-allocator-granularity=16"
    "memorysetup-bucket-allocator-bucket-count=8"
    "memorysetup-bucket-allocator-block-size=33554432"
    "memorysetup-bucket-allocator-block-count=8"
    "memorysetup-main-allocator-block-size=16777216"
    "memorysetup-thread-allocator-block-size=16777216"
    "memorysetup-gfx-main-allocator-block-size=16777216"
    "memorysetup-gfx-thread-allocator-block-size=16777216"
    "memorysetup-cache-allocator-block-size=4194304"
    "memorysetup-typetree-allocator-block-size=2097152"
    "memorysetup-profiler-bucket-allocator-granularity=16"
    "memorysetup-profiler-bucket-allocator-bucket-count=8"
    "memorysetup-profiler-bucket-allocator-block-size=33554432"
    "memorysetup-profiler-bucket-allocator-block-count=8"
    "memorysetup-profiler-allocator-block-size=16777216"
    "memorysetup-profiler-editor-allocator-block-size=1048576"
    "memorysetup-temp-allocator-size-main=16777216"
    "memorysetup-job-temp-allocator-block-size=2097152"
    "memorysetup-job-temp-allocator-block-size-background=1048576"
    "memorysetup-job-temp-allocator-reduction-small-platforms=262144"
    "memorysetup-temp-allocator-size-background-worker=32768"
    "memorysetup-temp-allocator-size-job-worker=262144"
    "memorysetup-temp-allocator-size-preload-manager=33554432"
    "memorysetup-temp-allocator-size-nav-mesh-worker=65536"
    "memorysetup-temp-allocator-size-audio-worker=65536"
    "memorysetup-temp-allocator-size-cloud-worker=32768"
    "memorysetup-temp-allocator-size-gi-baking-worker=262144"
    "memorysetup-temp-allocator-size-gfx=262144"
Refreshing native plugins compatible for Editor in 101.16 ms, found 4 plugins.
Preloading 0 native plugins for Editor in 0.00 ms.
Initialize engine version: 2021.3.10f1 (1c7d0df0160b)
[Subsystems] Discovering subsystems at path C:/Program Files/Unity/Hub/Editor/2021.3.10f1/Editor/Data/Resources/UnitySubsystems
[Subsystems] Discovering subsystems at path C:/Users/Krystian/Desktop/Projects/Fishing Of Men/Assets
GfxDevice: creating device client; threaded=0; jobified=0
Direct3D:
    Version:  Direct3D 11.0 [level 11.1]
    Renderer: NVIDIA GeForce RTX 3070 (ID=0x2488)
    Vendor:   NVIDIA
    VRAM:     8043 MB
    Driver:   31.0.15.1702
Initialize mono
Mono path[0] = 'C:/Program Files/Unity/Hub/Editor/2021.3.10f1/Editor/Data/Managed'
Mono path[1] = 'C:/Program Files/Unity/Hub/Editor/2021.3.10f1/Editor/Data/MonoBleedingEdge/lib/mono/unityjit-win32'
Mono config path = 'C:/Program Files/Unity/Hub/Editor/2021.3.10f1/Editor/Data/MonoBleedingEdge/etc'
Using monoOptions --debugger-agent=transport=dt_socket,embedding=1,server=y,suspend=n,address=127.0.0.1:56532
Begin MonoManager ReloadAssembly
Registering precompiled unity dll's ...
Register platform support module: C:/Program Files/Unity/Hub/Editor/2021.3.10f1/Editor/Data/PlaybackEngines/WebGLSupport/UnityEditor.WebGL.Extensions.dll
Register platform support module: C:/Program Files/Unity/Hub/Editor/2021.3.10f1/Editor/Data/PlaybackEngines/MacStandaloneSupport/UnityEditor.OSXStandalone.Extensions.dll
Register platform support module: C:/Program Files/Unity/Hub/Editor/2021.3.10f1/Editor/Data/PlaybackEngines/AndroidPlayer/UnityEditor.Android.Extensions.dll
Register platform support module: C:/Program Files/Unity/Hub/Editor/2021.3.10f1/Editor/Data/PlaybackEngines/WindowsStandaloneSupport/UnityEditor.WindowsStandalone.Extensions.dll
Register platform support module: C:/Program Files/Unity/Hub/Editor/2021.3.10f1/Editor/Data/PlaybackEngines/LinuxStandaloneSupport/UnityEditor.LinuxStandalone.Extensions.dll
Registered in 0.008235 seconds.
Native extension for LinuxStandalone target not found
Native extension for WindowsStandalone target not found
Native extension for Android target not found
Native extension for OSXStandalone target not found
Native extension for WebGL target not found
Refreshing native plugins compatible for Editor in 90.90 ms, found 4 plugins.
Preloading 0 native plugins for Editor in 0.00 ms.
Mono: successfully reloaded assembly
- Completed reload, in  0.532 seconds
Domain Reload Profiling:
	ReloadAssembly (532ms)
		BeginReloadAssembly (58ms)
			ExecutionOrderSort (0ms)
			DisableScriptedObjects (0ms)
			BackupInstance (0ms)
			ReleaseScriptingObjects (0ms)
			CreateAndSetChildDomain (1ms)
		EndReloadAssembly (389ms)
			LoadAssemblies (57ms)
			RebuildTransferFunctionScriptingTraits (0ms)
			SetupTypeCache (77ms)
			ReleaseScriptCaches (0ms)
			RebuildScriptCaches (21ms)
			SetupLoadedEditorAssemblies (249ms)
				LogAssemblyErrors (0ms)
				InitializePlatformSupportModulesInManaged (49ms)
				SetLoadedEditorAssemblies (0ms)
				RefreshPlugins (91ms)
				BeforeProcessingInitializeOnLoad (1ms)
				ProcessInitializeOnLoadAttributes (76ms)
				ProcessInitializeOnLoadMethodAttributes (32ms)
				AfterProcessingInitializeOnLoad (0ms)
				EditorAssembliesLoaded (0ms)
			ExecutionOrderSort2 (0ms)
			AwakeInstancesAfterBackupRestoration (0ms)
Platform modules already initialized, skipping
Registering precompiled user dll's ...
Registered in 0.007089 seconds.
Begin MonoManager ReloadAssembly
Symbol file LoadedFromMemory doesn't match image C:\Users\Krystian\Desktop\Projects\Fishing Of Men\Library\PackageCache\com.unity.visualscripting@1.7.8\Editor\VisualScripting.Core\Dependencies\YamlDotNet\Unity.VisualScripting.YamlDotNet.dll
Symbol file LoadedFromMemory doesn't match image C:\Users\Krystian\Desktop\Projects\Fishing Of Men\Library\PackageCache\com.unity.visualscripting@1.7.8\Editor\VisualScripting.Core\Dependencies\DotNetZip\Unity.VisualScripting.IonicZip.dll
Native extension for LinuxStandalone target not found
Native extension for WindowsStandalone target not found
Native extension for Android target not found
Native extension for OSXStandalone target not found
Native extension for WebGL target not found
Refreshing native plugins compatible for Editor in 91.11 ms, found 4 plugins.
Preloading 0 native plugins for Editor in 0.00 ms.
Mono: successfully reloaded assembly
- Completed reload, in  1.088 seconds
Domain Reload Profiling:
	ReloadAssembly (1088ms)
		BeginReloadAssembly (192ms)
			ExecutionOrderSort (0ms)
			DisableScriptedObjects (5ms)
			BackupInstance (0ms)
			ReleaseScriptingObjects (0ms)
			CreateAndSetChildDomain (125ms)
		EndReloadAssembly (810ms)
			LoadAssemblies (69ms)
			RebuildTransferFunctionScriptingTraits (0ms)
			SetupTypeCache (191ms)
			ReleaseScriptCaches (1ms)
			RebuildScriptCaches (45ms)
			SetupLoadedEditorAssemblies (471ms)
				LogAssemblyErrors (0ms)
				InitializePlatformSupportModulesInManaged (15ms)
				SetLoadedEditorAssemblies (0ms)
				RefreshPlugins (91ms)
				BeforeProcessingInitializeOnLoad (102ms)
				ProcessInitializeOnLoadAttributes (189ms)
				ProcessInitializeOnLoadMethodAttributes (69ms)
				AfterProcessingInitializeOnLoad (6ms)
				EditorAssembliesLoaded (0ms)
			ExecutionOrderSort2 (0ms)
			AwakeInstancesAfterBackupRestoration (4ms)
Platform modules already initialized, skipping
========================================================================
Worker process is ready to serve import requests
Launched and connected shader compiler UnityShaderCompiler.exe after 0.03 seconds
Refreshing native plugins compatible for Editor in 0.90 ms, found 4 plugins.
Preloading 0 native plugins for Editor in 0.00 ms.
Unloading 5532 Unused Serialized files (Serialized files now loaded: 0)
Unloading 49 unused Assets / (0.9 MB). Loaded Objects now: 5979.
Memory consumption went from 216.3 MB to 215.4 MB.
Total: 3.491900 ms (FindLiveObjects: 0.359800 ms CreateObjectMapping: 0.269300 ms MarkObjects: 2.571100 ms  DeleteObjects: 0.290800 ms)

AssetImportParameters requested are different than current active one (requested -> active):
  custom:video-decoder-ogg-theora: a1e56fd34408186e4bbccfd4996cb3dc -> 
  custom:container-muxer-webm: aa71ff27fc2769a1b78a27578f13a17b -> 
  custom:container-demuxer-webm: 4f35f7cbe854078d1ac9338744f61a02 -> 
  custom:video-encoder-webm-vp8: eb34c28f22e8b96e1ab97ce403110664 -> 
  custom:audio-encoder-webm-vorbis: bf7c407c2cedff20999df2af8eb42d56 -> 
  custom:framework-win-MediaFoundation: 216162199b28c13a410421893ffa2e32 -> 
  custom:container-demuxer-ogg: 62fdf1f143b41e24485cea50d1cbac27 -> 
  custom:video-decoder-webm-vp8: 9c59270c3fd7afecdb556c50c9e8de78 -> 
  custom:audio-decoder-ogg-vorbis: bf7c407c2cedff20999df2af8eb42d56 -> 
========================================================================
Received Prepare
Registering precompiled user dll's ...
Registered in 0.005381 seconds.
Begin MonoManager ReloadAssembly
Symbol file LoadedFromMemory doesn't match image C:\Users\Krystian\Desktop\Projects\Fishing Of Men\Library\PackageCache\com.unity.visualscripting@1.7.8\Editor\VisualScripting.Core\Dependencies\YamlDotNet\Unity.VisualScripting.YamlDotNet.dll
Symbol file LoadedFromMemory doesn't match image C:\Users\Krystian\Desktop\Projects\Fishing Of Men\Library\PackageCache\com.unity.visualscripting@1.7.8\Editor\VisualScripting.Core\Dependencies\DotNetZip\Unity.VisualScripting.IonicZip.dll
Native extension for LinuxStandalone target not found
Native extension for WindowsStandalone target not found
Native extension for Android target not found
Native extension for OSXStandalone target not found
Native extension for WebGL target not found
Refreshing native plugins compatible for Editor in 0.96 ms, found 4 plugins.
Preloading 0 native plugins for Editor in 0.00 ms.
Mono: successfully reloaded assembly
- Completed reload, in  0.952 seconds
Domain Reload Profiling:
	ReloadAssembly (953ms)
		BeginReloadAssembly (115ms)
			ExecutionOrderSort (0ms)
			DisableScriptedObjects (6ms)
			BackupInstance (0ms)
			ReleaseScriptingObjects (0ms)
			CreateAndSetChildDomain (36ms)
		EndReloadAssembly (756ms)
			LoadAssemblies (79ms)
			RebuildTransferFunctionScriptingTraits (0ms)
			SetupTypeCache (215ms)
			ReleaseScriptCaches (2ms)
			RebuildScriptCaches (37ms)
			SetupLoadedEditorAssemblies (380ms)
				LogAssemblyErrors (0ms)
				InitializePlatformSupportModulesInManaged (25ms)
				SetLoadedEditorAssemblies (0ms)
				RefreshPlugins (1ms)
				BeforeProcessingInitializeOnLoad (81ms)
				ProcessInitializeOnLoadAttributes (192ms)
				ProcessInitializeOnLoadMethodAttributes (74ms)
				AfterProcessingInitializeOnLoad (6ms)
				EditorAssembliesLoaded (0ms)
			ExecutionOrderSort2 (0ms)
			AwakeInstancesAfterBackupRestoration (7ms)
Platform modules already initialized, skipping
Refreshing native plugins compatible for Editor in 2.69 ms, found 4 plugins.
Preloading 0 native plugins for Editor in 0.00 ms.
Unloading 5403 Unused Serialized files (Serialized files now loaded: 0)
Unloading 36 unused Assets / (0.9 MB). Loaded Objects now: 5982.
Memory consumption went from 207.2 MB to 206.3 MB.
Total: 3.853100 ms (FindLiveObjects: 0.342500 ms CreateObjectMapping: 0.270800 ms MarkObjects: 2.852100 ms  DeleteObjects: 0.386700 ms)

AssetImportParameters requested are different than current active one (requested -> active):
  custom:video-decoder-ogg-theora: a1e56fd34408186e4bbccfd4996cb3dc -> 
  custom:container-muxer-webm: aa71ff27fc2769a1b78a27578f13a17b -> 
  custom:container-demuxer-webm: 4f35f7cbe854078d1ac9338744f61a02 -> 
  custom:video-encoder-webm-vp8: eb34c28f22e8b96e1ab97ce403110664 -> 
  custom:audio-encoder-webm-vorbis: bf7c407c2cedff20999df2af8eb42d56 -> 
  custom:framework-win-MediaFoundation: 216162199b28c13a410421893ffa2e32 -> 
  custom:container-demuxer-ogg: 62fdf1f143b41e24485cea50d1cbac27 -> 
  custom:video-decoder-webm-vp8: 9c59270c3fd7afecdb556c50c9e8de78 -> 
  custom:audio-decoder-ogg-vorbis: bf7c407c2cedff20999df2af8eb42d56 -> 
========================================================================
Received Import Request.
  Time since last request: 3155885.243601 seconds.
  path: Assets/UniversalRenderPipelineGlobalSettings.asset
  artifactKey: Guid(8b08ce43616627f45bf9f7b04b866821) Importer(815301076,1909f56bfc062723c751e8b465ee728b)
Start importing Assets/UniversalRenderPipelineGlobalSettings.asset using Guid(8b08ce43616627f45bf9f7b04b866821) Importer(815301076,1909f56bfc062723c751e8b465ee728b)  -> (artifact id: '7193904ebb9d12b08cb8d4a14dec1439') in 0.038656 seconds 
========================================================================
Received Import Request.
  Time since last request: 3069.376369 seconds.
  path: Assets/_Project/Shaders/ts4.shadergraph
  artifactKey: Guid(574e0f5baede9334c9cc851fc2100699) Importer(815301076,1909f56bfc062723c751e8b465ee728b)
Start importing Assets/_Project/Shaders/ts4.shadergraph using Guid(574e0f5baede9334c9cc851fc2100699) Importer(815301076,1909f56bfc062723c751e8b465ee728b)  -> (artifact id: 'a7eec98da69fa4895269dc767a827d34') in 0.009211 seconds 
========================================================================
Received Import Request.
  Time since last request: 67.692701 seconds.
  path: Assets/_Project/Shaders/testShaderSpriteMaterial.mat
  artifactKey: Guid(722bfe789b636b340a6871c62589c3e1) Importer(815301076,1909f56bfc062723c751e8b465ee728b)
Start importing Assets/_Project/Shaders/testShaderSpriteMaterial.mat using Guid(722bfe789b636b340a6871c62589c3e1) Importer(815301076,1909f56bfc062723c751e8b465ee728b)  -> (artifact id: '9dd0e841f9b63e38a3d236a951332954') in 0.203935 seconds 
========================================================================
Received Import Request.
  Time since last request: 190.269222 seconds.
  path: Assets/_Project/Shaders/ts4m.mat
  artifactKey: Guid(d35eba652fb0cce4b939f3ab9297878c) Importer(815301076,1909f56bfc062723c751e8b465ee728b)
Start importing Assets/_Project/Shaders/ts4m.mat using Guid(d35eba652fb0cce4b939f3ab9297878c) Importer(815301076,1909f56bfc062723c751e8b465ee728b)  -> (artifact id: '13b60df3480c13be5605f46f86a0cee4') in 0.014123 seconds 
========================================================================
Received Import Request.
  Time since last request: 100.817603 seconds.
  path: Assets/_Project/Shaders/ts4m.mat
  artifactKey: Guid(d35eba652fb0cce4b939f3ab9297878c) Importer(815301076,1909f56bfc062723c751e8b465ee728b)
Start importing Assets/_Project/Shaders/ts4m.mat using Guid(d35eba652fb0cce4b939f3ab9297878c) Importer(815301076,1909f56bfc062723c751e8b465ee728b)  -> (artifact id: '89e15edf57e744a3d42b733e237e5e43') in 0.018203 seconds 
========================================================================
Received Import Request.
  Time since last request: 45.635062 seconds.
  path: Assets/_Project/Shaders/ts4m.mat
  artifactKey: Guid(d35eba652fb0cce4b939f3ab9297878c) Importer(815301076,1909f56bfc062723c751e8b465ee728b)
Start importing Assets/_Project/Shaders/ts4m.mat using Guid(d35eba652fb0cce4b939f3ab9297878c) Importer(815301076,1909f56bfc062723c751e8b465ee728b)  -> (artifact id: '4ad6a244862f9794380ba6aec40561cd') in 0.015090 seconds 
========================================================================
Received Import Request.
  Time since last request: 21.889774 seconds.
  path: Assets/_Project/Shaders/ts4m.mat
  artifactKey: Guid(d35eba652fb0cce4b939f3ab9297878c) Importer(815301076,1909f56bfc062723c751e8b465ee728b)
Start importing Assets/_Project/Shaders/ts4m.mat using Guid(d35eba652fb0cce4b939f3ab9297878c) Importer(815301076,1909f56bfc062723c751e8b465ee728b)  -> (artifact id: '6128443e85442c3dc7c2ae98c485753f') in 0.012742 seconds 
========================================================================
Received Import Request.
  Time since last request: 61.527678 seconds.
  path: Assets/_Project/Shaders/ts4m.mat
  artifactKey: Guid(d35eba652fb0cce4b939f3ab9297878c) Importer(815301076,1909f56bfc062723c751e8b465ee728b)
Start importing Assets/_Project/Shaders/ts4m.mat using Guid(d35eba652fb0cce4b939f3ab9297878c) Importer(815301076,1909f56bfc062723c751e8b465ee728b)  -> (artifact id: 'abb9c5aa713a43bc3f4198e47255afa7') in 0.013106 seconds 
========================================================================
Received Import Request.
  Time since last request: 563.386933 seconds.
  path: Assets/_Project/Textures/tilemap_test2.jpg
  artifactKey: Guid(e16b99a9f1240494ca077e26517792c2) Importer(815301076,1909f56bfc062723c751e8b465ee728b)
Start importing Assets/_Project/Textures/tilemap_test2.jpg using Guid(e16b99a9f1240494ca077e26517792c2) Importer(815301076,1909f56bfc062723c751e8b465ee728b)  -> (artifact id: 'c0d7446a784111172de067623bb4e235') in 0.047437 seconds 
========================================================================
Received Import Request.
  Time since last request: 0.000024 seconds.
  path: Assets/_Project/Textures/tilemap_test4.jpg
  artifactKey: Guid(51d17d97c4bdb7045902ef685189d3b9) Importer(815301076,1909f56bfc062723c751e8b465ee728b)
Start importing Assets/_Project/Textures/tilemap_test4.jpg using Guid(51d17d97c4bdb7045902ef685189d3b9) Importer(815301076,1909f56bfc062723c751e8b465ee728b)  -> (artifact id: 'babaa696e59cea7f870a280716e005a7') in 0.024988 seconds 
========================================================================
Received Import Request.
  Time since last request: 9.225789 seconds.
  path: Assets/_Project/Shaders/ts4.shadergraph
  artifactKey: Guid(574e0f5baede9334c9cc851fc2100699) Importer(815301076,1909f56bfc062723c751e8b465ee728b)
Start importing Assets/_Project/Shaders/ts4.shadergraph using Guid(574e0f5baede9334c9cc851fc2100699) Importer(815301076,1909f56bfc062723c751e8b465ee728b)  -> (artifact id: '0c7b607547cba5c912411cfb22b78978') in 0.002920 seconds 
========================================================================
Received Import Request.
  Time since last request: 35.861848 seconds.
  path: Assets/_Project/Shaders/ts4m 1.mat
  artifactKey: Guid(5e109dc7c61f5da408be0662d2547763) Importer(815301076,1909f56bfc062723c751e8b465ee728b)
Start importing Assets/_Project/Shaders/ts4m 1.mat using Guid(5e109dc7c61f5da408be0662d2547763) Importer(815301076,1909f56bfc062723c751e8b465ee728b)  -> (artifact id: 'b0e24317690d728c1fe587a21a25d789') in 0.017848 seconds 
========================================================================
Received Import Request.
  Time since last request: 4.716569 seconds.
  path: Assets/_Project/Shaders/ts4m_2.mat
  artifactKey: Guid(5e109dc7c61f5da408be0662d2547763) Importer(815301076,1909f56bfc062723c751e8b465ee728b)
Start importing Assets/_Project/Shaders/ts4m_2.mat using Guid(5e109dc7c61f5da408be0662d2547763) Importer(815301076,1909f56bfc062723c751e8b465ee728b)  -> (artifact id: '99d5e16482813ab699631492abd47513') in 0.019390 seconds 
========================================================================
Received Import Request.
  Time since last request: 10.151663 seconds.
  path: Assets/_Project/Shaders/ts4m_2 1.mat
  artifactKey: Guid(42a911c6b55ff204788f83ce4adae376) Importer(815301076,1909f56bfc062723c751e8b465ee728b)
Start importing Assets/_Project/Shaders/ts4m_2 1.mat using Guid(42a911c6b55ff204788f83ce4adae376) Importer(815301076,1909f56bfc062723c751e8b465ee728b)  -> (artifact id: '44d3dd0425c52d100ad124375dd8b17a') in 0.036609 seconds 
========================================================================
Received Import Request.
  Time since last request: 4.684979 seconds.
  path: Assets/_Project/Shaders/ts4m_3.mat
  artifactKey: Guid(42a911c6b55ff204788f83ce4adae376) Importer(815301076,1909f56bfc062723c751e8b465ee728b)
Start importing Assets/_Project/Shaders/ts4m_3.mat using Guid(42a911c6b55ff204788f83ce4adae376) Importer(815301076,1909f56bfc062723c751e8b465ee728b)  -> (artifact id: 'dca3fd4f9211999166f54ad5765efce4') in 0.012699 seconds 
